<?xml version="1.0" encoding="UTF-8"?>
<testng-results ignored="0" total="1" passed="1" failed="0" skipped="0">
  <reporter-output>
  </reporter-output>
  <suite started-at="2021-06-22T20:48:26 IST" name="Suite" finished-at="2021-06-22T20:48:32 IST" duration-ms="6392">
    <groups>
    </groups>
    <test started-at="2021-06-22T20:48:26 IST" name="Test" finished-at="2021-06-22T20:48:32 IST" duration-ms="6392">
      <class name="percytest.SampleTest">
        <test-method is-config="true" signature="setup()[pri:0, instance:percytest.SampleTest@73ee04c8]" started-at="2021-06-22T20:48:26 IST" name="setup" finished-at="2021-06-22T20:48:28 IST" duration-ms="2184" status="PASS">
          <reporter-output>
          </reporter-output>
        </test-method> <!-- setup -->
        <test-method signature="test()[pri:0, instance:percytest.SampleTest@73ee04c8]" started-at="2021-06-22T20:48:28 IST" name="test" finished-at="2021-06-22T20:48:32 IST" duration-ms="4172" status="PASS">
          <reporter-output>
          </reporter-output>
        </test-method> <!-- test -->
        <test-method is-config="true" signature="teardown()[pri:0, instance:percytest.SampleTest@73ee04c8]" started-at="2021-06-22T20:48:32 IST" name="teardown" finished-at="2021-06-22T20:48:32 IST" duration-ms="1" status="PASS">
          <reporter-output>
          </reporter-output>
        </test-method> <!-- teardown -->
      </class> <!-- percytest.SampleTest -->
    </test> <!-- Test -->
  </suite> <!-- Suite -->
</testng-results>
